<?xml version="1.0" encoding="UTF-8"?>
<testng-results ignored="0" total="1" passed="1" failed="0" skipped="0">
  <reporter-output>
  </reporter-output>
  <suite started-at="2021-10-12T10:51:40 IST" name="Default suite" finished-at="2021-10-12T10:51:50 IST" duration-ms="9375">
    <groups>
    </groups>
    <test started-at="2021-10-12T10:51:40 IST" name="Default test" finished-at="2021-10-12T10:51:50 IST" duration-ms="9375">
      <class name="practice.Toolkits">
        <test-method signature="test10()[pri:0, instance:practice.Toolkits@1c93084c]" started-at="2021-10-12T10:51:40 IST" name="test10" finished-at="2021-10-12T10:51:50 IST" duration-ms="9334" status="PASS">
          <reporter-output>
          </reporter-output>
        </test-method> <!-- test10 -->
      </class> <!-- practice.Toolkits -->
    </test> <!-- Default test -->
  </suite> <!-- Default suite -->
</testng-results>
