<?xml version="1.0" encoding="UTF-8"?>
<!-- Generated by org.testng.reporters.JUnitXMLReporter -->
<testsuite ignored="6" hostname="LAPTOP-QNKEP47S" failures="0" tests="4" name="Tests" time="0.07" errors="0" timestamp="2021-10-09T20:22:37 IST">
  <testcase classname="com.crm.vtiger.genericutilities2.BaseClass" name="@BeforeClass launchBrowser" time="0.001">
    <failure type="java.lang.NullPointerException" message="Cannot invoke &amp;quot;org.openqa.selenium.WebDriver.get(String)&amp;quot; because &amp;quot;this.driver&amp;quot; is null">
      <![CDATA[java.lang.NullPointerException: Cannot invoke "org.openqa.selenium.WebDriver.get(String)" because "this.driver" is null
at com.crm.vtiger.genericutilities2.BaseClass.launchBrowser(BaseClass.java:34)
at java.base/java.util.ArrayList.forEach(ArrayList.java:1511)
... Removed 25 stack frames]]>
    </failure>
  </testcase> <!-- @BeforeClass launchBrowser -->
  <testcase classname="com.crm.vtiger.genericutilities2.BaseClass" name="@BeforeMethod LoginToApp" time="-1.633791157047E9">
    <skipped/>
  </testcase> <!-- @BeforeMethod LoginToApp -->
  <testcase classname="com.crm.vtiger.genericutilities2.BaseClass" name="@AfterMethod LogoutofApp" time="-1.633791157052E9">
    <skipped/>
  </testcase> <!-- @AfterMethod LogoutofApp -->
  <testcase classname="com.crm.vtiger.genericutilities2.BaseClass" name="@AfterClass closeBrowser" time="-1.633791157054E9">
    <skipped/>
  </testcase> <!-- @AfterClass closeBrowser -->
  <testcase classname="com.crm.vtiger.genericutilities2.BaseClass" name="@BeforeClass launchBrowser" time="0.0">
    <failure type="java.lang.NullPointerException" message="Cannot invoke &amp;quot;org.openqa.selenium.WebDriver.get(String)&amp;quot; because &amp;quot;this.driver&amp;quot; is null">
      <![CDATA[java.lang.NullPointerException: Cannot invoke "org.openqa.selenium.WebDriver.get(String)" because "this.driver" is null
at com.crm.vtiger.genericutilities2.BaseClass.launchBrowser(BaseClass.java:34)
at java.base/java.util.ArrayList.forEach(ArrayList.java:1511)
... Removed 25 stack frames]]>
    </failure>
  </testcase> <!-- @BeforeClass launchBrowser -->
  <testcase classname="com.crm.vtiger.genericutilities2.BaseClass" name="@BeforeMethod LoginToApp" time="-1.633791157058E9">
    <skipped/>
  </testcase> <!-- @BeforeMethod LoginToApp -->
  <testcase classname="com.crm.vtiger.genericutilities2.BaseClass" name="@AfterMethod LogoutofApp" time="-1.633791157061E9">
    <skipped/>
  </testcase> <!-- @AfterMethod LogoutofApp -->
  <testcase classname="com.crm.vtiger.genericutilities2.BaseClass" name="@AfterClass closeBrowser" time="-1.633791157064E9">
    <skipped/>
  </testcase> <!-- @AfterClass closeBrowser -->
  <testcase classname="com.crm.vtiger.genericutilities2.BaseClass" name="@BeforeClass launchBrowser" time="0.0">
    <failure type="java.lang.NullPointerException" message="Cannot invoke &amp;quot;org.openqa.selenium.WebDriver.get(String)&amp;quot; because &amp;quot;this.driver&amp;quot; is null">
      <![CDATA[java.lang.NullPointerException: Cannot invoke "org.openqa.selenium.WebDriver.get(String)" because "this.driver" is null
at com.crm.vtiger.genericutilities2.BaseClass.launchBrowser(BaseClass.java:34)
at java.base/java.util.ArrayList.forEach(ArrayList.java:1511)
... Removed 25 stack frames]]>
    </failure>
  </testcase> <!-- @BeforeClass launchBrowser -->
  <testcase classname="com.crm.vtiger.genericutilities2.BaseClass" name="@BeforeMethod LoginToApp" time="-1.633791157071E9">
    <skipped/>
  </testcase> <!-- @BeforeMethod LoginToApp -->
  <testcase classname="com.crm.vtiger.genericutilities2.BaseClass" name="@AfterMethod LogoutofApp" time="-1.633791157077E9">
    <skipped/>
  </testcase> <!-- @AfterMethod LogoutofApp -->
  <testcase classname="com.crm.vtiger.genericutilities2.BaseClass" name="@AfterClass closeBrowser" time="-1.633791157078E9">
    <skipped/>
  </testcase> <!-- @AfterClass closeBrowser -->
  <testcase classname="com.crm.vtiger.genericutilities2.BaseClass" name="@BeforeClass launchBrowser" time="0.0">
    <failure type="java.lang.NullPointerException" message="Cannot invoke &amp;quot;org.openqa.selenium.WebDriver.get(String)&amp;quot; because &amp;quot;this.driver&amp;quot; is null">
      <![CDATA[java.lang.NullPointerException: Cannot invoke "org.openqa.selenium.WebDriver.get(String)" because "this.driver" is null
at com.crm.vtiger.genericutilities2.BaseClass.launchBrowser(BaseClass.java:34)
at java.base/java.util.ArrayList.forEach(ArrayList.java:1511)
... Removed 25 stack frames]]>
    </failure>
  </testcase> <!-- @BeforeClass launchBrowser -->
  <testcase classname="com.crm.vtiger.genericutilities2.BaseClass" name="@BeforeMethod LoginToApp" time="-1.633791157084E9">
    <skipped/>
  </testcase> <!-- @BeforeMethod LoginToApp -->
  <testcase classname="com.crm.vtiger.genericutilities2.BaseClass" name="@AfterMethod LogoutofApp" time="-1.633791157089E9">
    <skipped/>
  </testcase> <!-- @AfterMethod LogoutofApp -->
  <testcase classname="com.crm.vtiger.genericutilities2.BaseClass" name="@AfterClass closeBrowser" time="-1.633791157091E9">
    <skipped/>
  </testcase> <!-- @AfterClass closeBrowser -->
  <testcase classname="testscriptss.CreateOpportunity" name="test1" time="0.0">
    <skipped/>
  </testcase> <!-- test1 -->
  <testcase classname="testscriptss.Createopportunitywithdelete" name="Test6" time="0.0">
    <skipped/>
  </testcase> <!-- Test6 -->
  <testcase classname="testscriptss.Createopportunitywithorganization" name="createoppoprtunity" time="0.0">
    <skipped/>
  </testcase> <!-- createoppoprtunity -->
  <testcase classname="testscriptss.CreateOpportunitywithcontacts" name="CreateOpp1" time="0.0">
    <skipped/>
  </testcase> <!-- CreateOpp1 -->
  <testcase classname="com.crm.vtiger.genericutilities2.BaseClass" name="@BeforeSuite connectDB" time="0.0">
    <ignored/>
  </testcase> <!-- @BeforeSuite connectDB -->
  <testcase classname="com.crm.vtiger.genericutilities2.BaseClass" name="@BeforeSuite connectDB" time="0.0">
    <ignored/>
  </testcase> <!-- @BeforeSuite connectDB -->
  <testcase classname="com.crm.vtiger.genericutilities2.BaseClass" name="@BeforeSuite connectDB" time="0.0">
    <ignored/>
  </testcase> <!-- @BeforeSuite connectDB -->
  <testcase classname="com.crm.vtiger.genericutilities2.BaseClass" name="@AfterSuite closeDB" time="0.0">
    <ignored/>
  </testcase> <!-- @AfterSuite closeDB -->
  <testcase classname="com.crm.vtiger.genericutilities2.BaseClass" name="@AfterSuite closeDB" time="0.0">
    <ignored/>
  </testcase> <!-- @AfterSuite closeDB -->
  <testcase classname="com.crm.vtiger.genericutilities2.BaseClass" name="@AfterSuite closeDB" time="0.0">
    <ignored/>
  </testcase> <!-- @AfterSuite closeDB -->
</testsuite> <!-- Tests -->
